INFO:Namespace(arch='vit_small', patch_size=16, momentum_teacher=0.996, use_fp16=False, weight_decay=0.04, weight_decay_end=0.2, clip_grad=3.0, batch_size_per_gpu=64, epochs=100, warmup_epochs=10, freeze_last_layer=1, lr=0.0008, patch_embed_lr_mult=0.2, min_lr=1e-06, optimizer='adamw', drop_path_rate=0.1, loss_weights=[1.0, 1.0, 1.0], use_bn_in_head=False, norm_before_pred=True, instance_out_dim=256, instance_queue_size=65536, instance_temp=0.2, local_group_out_dim=256, local_group_knn_top_n=8, local_group_queue_size=65536, local_group_temp=0.2, group_out_dim=65536, group_bottleneck_dim=256, norm_last_layer=True, group_student_temp=0.1, group_warmup_teacher_temp=0.04, group_teacher_temp=0.04, group_warmup_teacher_temp_epochs=0, global_crops_scale=(0.25, 1.0), local_crops_number=10, local_crops_scale=(0.05, 0.25), timm_auto_augment_par='rand-m9-mstd0.5-inc1', color_aug=False, size_crops=[96], strong_ratio=0.45, re_prob=0.25, vanilla_weak_augmentation=False, prob=0.5, data_path='/dataset/imageNet100_sicy/train/', output_dir='./exp/', saveckp_freq=50, seed=0, num_workers=12, dist_url='env://', local_rank=0, rank=0, world_size=1, use_prefetcher=True, debug=False, ddpjob=False, weka=False)
INFO:Added key: store_based_barrier_key:1 to store for rank: 0
INFO:Rank 0: Completed store-based barrier for key:store_based_barrier_key:1 with 1 nodes.
INFO:Namespace(arch='vit_small', patch_size=16, momentum_teacher=0.996, use_fp16=False, weight_decay=0.04, weight_decay_end=0.2, clip_grad=3.0, batch_size_per_gpu=64, epochs=100, warmup_epochs=10, freeze_last_layer=1, lr=0.0008, patch_embed_lr_mult=0.2, min_lr=1e-06, optimizer='adamw', drop_path_rate=0.1, loss_weights=[1.0, 1.0, 1.0], use_bn_in_head=False, norm_before_pred=True, instance_out_dim=256, instance_queue_size=65536, instance_temp=0.2, local_group_out_dim=256, local_group_knn_top_n=8, local_group_queue_size=65536, local_group_temp=0.2, group_out_dim=65536, group_bottleneck_dim=256, norm_last_layer=True, group_student_temp=0.1, group_warmup_teacher_temp=0.04, group_teacher_temp=0.04, group_warmup_teacher_temp_epochs=0, global_crops_scale=(0.25, 1.0), local_crops_number=10, local_crops_scale=(0.05, 0.25), timm_auto_augment_par='rand-m9-mstd0.5-inc1', color_aug=False, size_crops=[96], strong_ratio=0.45, re_prob=0.25, vanilla_weak_augmentation=False, prob=0.5, data_path='/dataset/imageNet100_sicy/train/', output_dir='./exp/', saveckp_freq=50, seed=0, num_workers=12, dist_url='env://', local_rank=0, rank=0, world_size=1, use_prefetcher=True, debug=False, ddpjob=False, weka=False)
INFO:Added key: store_based_barrier_key:1 to store for rank: 0
INFO:Rank 0: Completed store-based barrier for key:store_based_barrier_key:1 with 1 nodes.
INFO:Data loaded: there are 303349 images.
INFO:Namespace(arch='vit_small', patch_size=16, momentum_teacher=0.996, use_fp16=False, weight_decay=0.04, weight_decay_end=0.2, clip_grad=3.0, batch_size_per_gpu=64, epochs=100, warmup_epochs=10, freeze_last_layer=1, lr=0.0008, patch_embed_lr_mult=0.2, min_lr=1e-06, optimizer='adamw', drop_path_rate=0.1, loss_weights=[1.0, 1.0, 1.0], use_bn_in_head=False, norm_before_pred=True, instance_out_dim=256, instance_queue_size=65536, instance_temp=0.2, local_group_out_dim=256, local_group_knn_top_n=8, local_group_queue_size=65536, local_group_temp=0.2, group_out_dim=65536, group_bottleneck_dim=256, norm_last_layer=True, group_student_temp=0.1, group_warmup_teacher_temp=0.04, group_teacher_temp=0.04, group_warmup_teacher_temp_epochs=0, global_crops_scale=(0.25, 1.0), local_crops_number=10, local_crops_scale=(0.05, 0.25), timm_auto_augment_par='rand-m9-mstd0.5-inc1', color_aug=False, size_crops=[96], strong_ratio=0.45, re_prob=0.25, vanilla_weak_augmentation=False, prob=0.5, data_path='/dataset/imageNet100_sicy/train/', output_dir='./exp/', saveckp_freq=50, seed=0, num_workers=12, dist_url='env://', local_rank=0, rank=0, world_size=1, use_prefetcher=True, debug=False, ddpjob=False, weka=False)
INFO:Added key: store_based_barrier_key:1 to store for rank: 0
INFO:Rank 0: Completed store-based barrier for key:store_based_barrier_key:1 with 1 nodes.
INFO:Data loaded: there are 303349 images.
INFO:Namespace(arch='vit_small', patch_size=16, momentum_teacher=0.996, use_fp16=False, weight_decay=0.04, weight_decay_end=0.2, clip_grad=3.0, batch_size_per_gpu=64, epochs=100, warmup_epochs=10, freeze_last_layer=1, lr=0.0008, patch_embed_lr_mult=0.2, min_lr=1e-06, optimizer='adamw', drop_path_rate=0.1, loss_weights=[1.0, 1.0, 1.0], use_bn_in_head=False, norm_before_pred=True, instance_out_dim=256, instance_queue_size=65536, instance_temp=0.2, local_group_out_dim=256, local_group_knn_top_n=8, local_group_queue_size=65536, local_group_temp=0.2, group_out_dim=65536, group_bottleneck_dim=256, norm_last_layer=True, group_student_temp=0.1, group_warmup_teacher_temp=0.04, group_teacher_temp=0.04, group_warmup_teacher_temp_epochs=0, global_crops_scale=(0.25, 1.0), local_crops_number=10, local_crops_scale=(0.05, 0.25), timm_auto_augment_par='rand-m9-mstd0.5-inc1', color_aug=False, size_crops=[96], strong_ratio=0.45, re_prob=0.25, vanilla_weak_augmentation=False, prob=0.5, data_path='/dataset/imageNet100_sicy/train/', output_dir='./exp/', saveckp_freq=50, seed=0, num_workers=12, dist_url='env://', local_rank=0, rank=0, world_size=1, use_prefetcher=True, debug=False, ddpjob=False, weka=False)
INFO:Added key: store_based_barrier_key:1 to store for rank: 0
INFO:Rank 0: Completed store-based barrier for key:store_based_barrier_key:1 with 1 nodes.
INFO:Namespace(arch='vit_small', patch_size=16, momentum_teacher=0.996, use_fp16=False, weight_decay=0.04, weight_decay_end=0.2, clip_grad=3.0, batch_size_per_gpu=64, epochs=100, warmup_epochs=10, freeze_last_layer=1, lr=0.0008, patch_embed_lr_mult=0.2, min_lr=1e-06, optimizer='adamw', drop_path_rate=0.1, loss_weights=[1.0, 1.0, 1.0], use_bn_in_head=False, norm_before_pred=True, instance_out_dim=256, instance_queue_size=65536, instance_temp=0.2, local_group_out_dim=256, local_group_knn_top_n=8, local_group_queue_size=65536, local_group_temp=0.2, group_out_dim=65536, group_bottleneck_dim=256, norm_last_layer=True, group_student_temp=0.1, group_warmup_teacher_temp=0.04, group_teacher_temp=0.04, group_warmup_teacher_temp_epochs=0, global_crops_scale=(0.25, 1.0), local_crops_number=10, local_crops_scale=(0.05, 0.25), timm_auto_augment_par='rand-m9-mstd0.5-inc1', color_aug=False, size_crops=[96], strong_ratio=0.45, re_prob=0.25, vanilla_weak_augmentation=False, prob=0.5, data_path='/dataset/imageNet100_sicy/train/', output_dir='./exp/', saveckp_freq=50, seed=0, num_workers=12, dist_url='env://', local_rank=0, rank=0, world_size=1, use_prefetcher=True, debug=False, ddpjob=False, weka=False)
INFO:Added key: store_based_barrier_key:1 to store for rank: 0
INFO:Rank 0: Completed store-based barrier for key:store_based_barrier_key:1 with 1 nodes.
INFO:Data loaded: there are 303349 images.
INFO:Namespace(arch='vit_small', patch_size=16, momentum_teacher=0.996, use_fp16=False, weight_decay=0.04, weight_decay_end=0.2, clip_grad=3.0, batch_size_per_gpu=64, epochs=100, warmup_epochs=10, freeze_last_layer=1, lr=0.0008, patch_embed_lr_mult=0.2, min_lr=1e-06, optimizer='adamw', drop_path_rate=0.1, loss_weights=[1.0, 1.0, 1.0], use_bn_in_head=False, norm_before_pred=True, instance_out_dim=256, instance_queue_size=65536, instance_temp=0.2, local_group_out_dim=256, local_group_knn_top_n=8, local_group_queue_size=65536, local_group_temp=0.2, group_out_dim=65536, group_bottleneck_dim=256, norm_last_layer=True, group_student_temp=0.1, group_warmup_teacher_temp=0.04, group_teacher_temp=0.04, group_warmup_teacher_temp_epochs=0, global_crops_scale=(0.25, 1.0), local_crops_number=10, local_crops_scale=(0.05, 0.25), timm_auto_augment_par='rand-m9-mstd0.5-inc1', color_aug=False, size_crops=[96], strong_ratio=0.45, re_prob=0.25, vanilla_weak_augmentation=False, prob=0.5, data_path='/dataset/imageNet100_sicy/train/', output_dir='./exp/', saveckp_freq=50, seed=0, num_workers=12, dist_url='env://', local_rank=0, rank=0, world_size=1, use_prefetcher=True, debug=False, ddpjob=False, weka=False)
INFO:Added key: store_based_barrier_key:1 to store for rank: 0
INFO:Rank 0: Completed store-based barrier for key:store_based_barrier_key:1 with 1 nodes.
INFO:Data loaded: there are 357286 images.
INFO:Namespace(arch='vit_small', patch_size=16, momentum_teacher=0.996, use_fp16=False, weight_decay=0.04, weight_decay_end=0.2, clip_grad=3.0, batch_size_per_gpu=4, epochs=300, warmup_epochs=10, freeze_last_layer=1, lr=0.0008, patch_embed_lr_mult=0.2, min_lr=1e-06, optimizer='adamw', drop_path_rate=0.1, loss_weights=[1.0, 1.0, 1.0], use_bn_in_head=False, norm_before_pred=True, instance_out_dim=256, instance_queue_size=65536, instance_temp=0.2, local_group_out_dim=256, local_group_knn_top_n=8, local_group_queue_size=65536, local_group_temp=0.2, group_out_dim=65536, group_bottleneck_dim=256, norm_last_layer=True, group_student_temp=0.1, group_warmup_teacher_temp=0.04, group_teacher_temp=0.04, group_warmup_teacher_temp_epochs=0, global_crops_scale=(0.25, 1.0), local_crops_number=10, local_crops_scale=(0.05, 0.25), timm_auto_augment_par='rand-m9-mstd0.5-inc1', color_aug=False, size_crops=[96], strong_ratio=0.45, re_prob=0.25, vanilla_weak_augmentation=False, prob=0.5, data_path='/dataset/imageNet100_sicy/train/', output_dir='./exp/', saveckp_freq=50, seed=0, num_workers=12, dist_url='env://', local_rank=0, rank=0, world_size=1, use_prefetcher=True, debug=False, ddpjob=False, weka=False)
INFO:Added key: store_based_barrier_key:1 to store for rank: 0
INFO:Rank 0: Completed store-based barrier for key:store_based_barrier_key:1 with 1 nodes.
INFO:Data loaded: there are 357286 images.
INFO:Starting Mugs training !
INFO:Namespace(arch='vit_small', patch_size=16, momentum_teacher=0.996, use_fp16=False, weight_decay=0.04, weight_decay_end=0.2, clip_grad=3.0, batch_size_per_gpu=4, epochs=300, warmup_epochs=10, freeze_last_layer=1, lr=0.0008, patch_embed_lr_mult=0.2, min_lr=1e-06, optimizer='adamw', drop_path_rate=0.1, loss_weights=[1.0, 1.0, 1.0], use_bn_in_head=False, norm_before_pred=True, instance_out_dim=256, instance_queue_size=65536, instance_temp=0.2, local_group_out_dim=256, local_group_knn_top_n=8, local_group_queue_size=65536, local_group_temp=0.2, group_out_dim=65536, group_bottleneck_dim=256, norm_last_layer=True, group_student_temp=0.1, group_warmup_teacher_temp=0.04, group_teacher_temp=0.04, group_warmup_teacher_temp_epochs=0, global_crops_scale=(0.25, 1.0), local_crops_number=10, local_crops_scale=(0.05, 0.25), timm_auto_augment_par='rand-m9-mstd0.5-inc1', color_aug=False, size_crops=[96], strong_ratio=0.45, re_prob=0.25, vanilla_weak_augmentation=False, prob=0.5, data_path='/dataset/imageNet100_sicy/train/', output_dir='./exp/', saveckp_freq=50, seed=0, num_workers=12, dist_url='env://', local_rank=0, rank=0, world_size=1, use_prefetcher=True, debug=False, ddpjob=False, weka=False)
INFO:Added key: store_based_barrier_key:1 to store for rank: 0
INFO:Rank 0: Completed store-based barrier for key:store_based_barrier_key:1 with 1 nodes.
INFO:Data loaded: there are 357286 images.
INFO:Starting Mugs training !
INFO:Namespace(arch='vit_small', patch_size=16, momentum_teacher=0.996, use_fp16=False, weight_decay=0.04, weight_decay_end=0.2, clip_grad=3.0, batch_size_per_gpu=4, epochs=300, warmup_epochs=10, freeze_last_layer=1, lr=0.0008, patch_embed_lr_mult=0.2, min_lr=1e-06, optimizer='adamw', drop_path_rate=0.1, loss_weights=[1.0, 1.0, 1.0], use_bn_in_head=False, norm_before_pred=True, instance_out_dim=256, instance_queue_size=65536, instance_temp=0.2, local_group_out_dim=256, local_group_knn_top_n=8, local_group_queue_size=65536, local_group_temp=0.2, group_out_dim=65536, group_bottleneck_dim=256, norm_last_layer=True, group_student_temp=0.1, group_warmup_teacher_temp=0.04, group_teacher_temp=0.04, group_warmup_teacher_temp_epochs=0, global_crops_scale=(0.25, 1.0), local_crops_number=10, local_crops_scale=(0.05, 0.25), timm_auto_augment_par='rand-m9-mstd0.5-inc1', color_aug=False, size_crops=[96], strong_ratio=0.45, re_prob=0.25, vanilla_weak_augmentation=False, prob=0.5, data_path='/dataset/imageNet100_sicy/train/', output_dir='./exp/', saveckp_freq=50, seed=0, num_workers=0, dist_url='env://', local_rank=0, rank=0, world_size=1, use_prefetcher=True, debug=False, ddpjob=False, weka=False)
INFO:Added key: store_based_barrier_key:1 to store for rank: 0
INFO:Rank 0: Completed store-based barrier for key:store_based_barrier_key:1 with 1 nodes.
INFO:Data loaded: there are 357286 images.
INFO:Starting Mugs training !
INFO:Namespace(arch='vit_small', patch_size=16, momentum_teacher=0.996, use_fp16=False, weight_decay=0.04, weight_decay_end=0.2, clip_grad=3.0, batch_size_per_gpu=4, epochs=300, warmup_epochs=10, freeze_last_layer=1, lr=0.0008, patch_embed_lr_mult=0.2, min_lr=1e-06, optimizer='adamw', drop_path_rate=0.1, loss_weights=[1.0, 1.0, 1.0], use_bn_in_head=False, norm_before_pred=True, instance_out_dim=256, instance_queue_size=65536, instance_temp=0.2, local_group_out_dim=256, local_group_knn_top_n=8, local_group_queue_size=65536, local_group_temp=0.2, group_out_dim=65536, group_bottleneck_dim=256, norm_last_layer=True, group_student_temp=0.1, group_warmup_teacher_temp=0.04, group_teacher_temp=0.04, group_warmup_teacher_temp_epochs=0, global_crops_scale=(0.25, 1.0), local_crops_number=10, local_crops_scale=(0.05, 0.25), timm_auto_augment_par='rand-m9-mstd0.5-inc1', color_aug=False, size_crops=[96], strong_ratio=0.45, re_prob=0.25, vanilla_weak_augmentation=False, prob=0.5, data_path='/dataset/imageNet100_sicy/train/', output_dir='./exp/', saveckp_freq=50, seed=0, num_workers=0, dist_url='env://', local_rank=0, rank=0, world_size=1, use_prefetcher=True, debug=False, ddpjob=False, weka=False)
INFO:Added key: store_based_barrier_key:1 to store for rank: 0
INFO:Rank 0: Completed store-based barrier for key:store_based_barrier_key:1 with 1 nodes.
INFO:Data loaded: there are 357286 images.
INFO:Starting Mugs training !
INFO:Namespace(arch='vit_small', patch_size=16, momentum_teacher=0.996, use_fp16=False, weight_decay=0.04, weight_decay_end=0.2, clip_grad=3.0, batch_size_per_gpu=4, epochs=300, warmup_epochs=10, freeze_last_layer=1, lr=0.0008, patch_embed_lr_mult=0.2, min_lr=1e-06, optimizer='adamw', drop_path_rate=0.1, loss_weights=[1.0, 1.0, 1.0], use_bn_in_head=False, norm_before_pred=True, instance_out_dim=256, instance_queue_size=65536, instance_temp=0.2, local_group_out_dim=256, local_group_knn_top_n=8, local_group_queue_size=65536, local_group_temp=0.2, group_out_dim=65536, group_bottleneck_dim=256, norm_last_layer=True, group_student_temp=0.1, group_warmup_teacher_temp=0.04, group_teacher_temp=0.04, group_warmup_teacher_temp_epochs=0, global_crops_scale=(0.25, 1.0), local_crops_number=10, local_crops_scale=(0.05, 0.25), timm_auto_augment_par='rand-m9-mstd0.5-inc1', color_aug=False, size_crops=[96], strong_ratio=0.45, re_prob=0.25, vanilla_weak_augmentation=False, prob=0.5, data_path='/dataset/imageNet100_sicy/train/', output_dir='./exp/', saveckp_freq=50, seed=0, num_workers=0, dist_url='env://', local_rank=0, rank=0, world_size=1, use_prefetcher=True, debug=False, ddpjob=False, weka=False)
INFO:Added key: store_based_barrier_key:1 to store for rank: 0
INFO:Rank 0: Completed store-based barrier for key:store_based_barrier_key:1 with 1 nodes.
INFO:Data loaded: there are 357286 images.
INFO:Starting Mugs training !
INFO:Namespace(arch='vit_small', patch_size=16, momentum_teacher=0.996, use_fp16=False, weight_decay=0.04, weight_decay_end=0.2, clip_grad=3.0, batch_size_per_gpu=4, epochs=300, warmup_epochs=10, freeze_last_layer=1, lr=0.0008, patch_embed_lr_mult=0.2, min_lr=1e-06, optimizer='adamw', drop_path_rate=0.1, loss_weights=[1.0, 1.0, 1.0], use_bn_in_head=False, norm_before_pred=True, instance_out_dim=256, instance_queue_size=65536, instance_temp=0.2, local_group_out_dim=256, local_group_knn_top_n=8, local_group_queue_size=65536, local_group_temp=0.2, group_out_dim=65536, group_bottleneck_dim=256, norm_last_layer=True, group_student_temp=0.1, group_warmup_teacher_temp=0.04, group_teacher_temp=0.04, group_warmup_teacher_temp_epochs=0, global_crops_scale=(0.25, 1.0), local_crops_number=10, local_crops_scale=(0.05, 0.25), timm_auto_augment_par='rand-m9-mstd0.5-inc1', color_aug=False, size_crops=[96], strong_ratio=0.45, re_prob=0.25, vanilla_weak_augmentation=False, prob=0.5, data_path='/dataset/imageNet100_sicy/train/', output_dir='./exp/', saveckp_freq=50, seed=0, num_workers=0, dist_url='env://', local_rank=0, rank=0, world_size=1, use_prefetcher=True, debug=False, ddpjob=False, weka=False)
INFO:Added key: store_based_barrier_key:1 to store for rank: 0
INFO:Rank 0: Completed store-based barrier for key:store_based_barrier_key:1 with 1 nodes.
INFO:Namespace(arch='vit_small', patch_size=16, momentum_teacher=0.996, use_fp16=False, weight_decay=0.04, weight_decay_end=0.2, clip_grad=3.0, batch_size_per_gpu=4, epochs=300, warmup_epochs=10, freeze_last_layer=1, lr=0.0008, patch_embed_lr_mult=0.2, min_lr=1e-06, optimizer='adamw', drop_path_rate=0.1, loss_weights=[1.0, 1.0, 1.0], use_bn_in_head=False, norm_before_pred=True, instance_out_dim=256, instance_queue_size=65536, instance_temp=0.2, local_group_out_dim=256, local_group_knn_top_n=8, local_group_queue_size=65536, local_group_temp=0.2, group_out_dim=65536, group_bottleneck_dim=256, norm_last_layer=True, group_student_temp=0.1, group_warmup_teacher_temp=0.04, group_teacher_temp=0.04, group_warmup_teacher_temp_epochs=0, global_crops_scale=(0.25, 1.0), local_crops_number=10, local_crops_scale=(0.05, 0.25), timm_auto_augment_par='rand-m9-mstd0.5-inc1', color_aug=False, size_crops=[96], strong_ratio=0.45, re_prob=0.25, vanilla_weak_augmentation=False, prob=0.5, data_path='/dataset/imageNet100_sicy/train/', output_dir='./exp/', saveckp_freq=50, seed=0, num_workers=0, dist_url='env://', local_rank=0, rank=0, world_size=1, use_prefetcher=True, debug=False, ddpjob=False, weka=False)
INFO:Added key: store_based_barrier_key:1 to store for rank: 0
INFO:Rank 0: Completed store-based barrier for key:store_based_barrier_key:1 with 1 nodes.
INFO:Namespace(arch='vit_small', patch_size=16, momentum_teacher=0.996, use_fp16=False, weight_decay=0.04, weight_decay_end=0.2, clip_grad=3.0, batch_size_per_gpu=4, epochs=300, warmup_epochs=10, freeze_last_layer=1, lr=0.0008, patch_embed_lr_mult=0.2, min_lr=1e-06, optimizer='adamw', drop_path_rate=0.1, loss_weights=[1.0, 1.0, 1.0], use_bn_in_head=False, norm_before_pred=True, instance_out_dim=256, instance_queue_size=65536, instance_temp=0.2, local_group_out_dim=256, local_group_knn_top_n=8, local_group_queue_size=65536, local_group_temp=0.2, group_out_dim=65536, group_bottleneck_dim=256, norm_last_layer=True, group_student_temp=0.1, group_warmup_teacher_temp=0.04, group_teacher_temp=0.04, group_warmup_teacher_temp_epochs=0, global_crops_scale=(0.25, 1.0), local_crops_number=10, local_crops_scale=(0.05, 0.25), timm_auto_augment_par='rand-m9-mstd0.5-inc1', color_aug=False, size_crops=[96], strong_ratio=0.45, re_prob=0.25, vanilla_weak_augmentation=False, prob=0.5, data_path='/dataset/imageNet100_sicy/train/', output_dir='./exp/', saveckp_freq=50, seed=0, num_workers=0, dist_url='env://', local_rank=0, rank=0, world_size=1, use_prefetcher=True, debug=False, ddpjob=False, weka=False)
INFO:Added key: store_based_barrier_key:1 to store for rank: 0
INFO:Rank 0: Completed store-based barrier for key:store_based_barrier_key:1 with 1 nodes.
INFO:Namespace(arch='vit_small', patch_size=16, momentum_teacher=0.996, use_fp16=False, weight_decay=0.04, weight_decay_end=0.2, clip_grad=3.0, batch_size_per_gpu=4, epochs=300, warmup_epochs=10, freeze_last_layer=1, lr=0.0008, patch_embed_lr_mult=0.2, min_lr=1e-06, optimizer='adamw', drop_path_rate=0.1, loss_weights=[1.0, 1.0, 1.0], use_bn_in_head=False, norm_before_pred=True, instance_out_dim=256, instance_queue_size=65536, instance_temp=0.2, local_group_out_dim=256, local_group_knn_top_n=8, local_group_queue_size=65536, local_group_temp=0.2, group_out_dim=65536, group_bottleneck_dim=256, norm_last_layer=True, group_student_temp=0.1, group_warmup_teacher_temp=0.04, group_teacher_temp=0.04, group_warmup_teacher_temp_epochs=0, global_crops_scale=(0.25, 1.0), local_crops_number=10, local_crops_scale=(0.05, 0.25), timm_auto_augment_par='rand-m9-mstd0.5-inc1', color_aug=False, size_crops=[96], strong_ratio=0.45, re_prob=0.25, vanilla_weak_augmentation=False, prob=0.5, data_path='/dataset/imageNet100_sicy/train/', output_dir='./exp/', saveckp_freq=50, seed=0, num_workers=0, dist_url='env://', local_rank=0, rank=0, world_size=1, use_prefetcher=True, debug=False, ddpjob=False, weka=False)
INFO:Added key: store_based_barrier_key:1 to store for rank: 0
INFO:Rank 0: Completed store-based barrier for key:store_based_barrier_key:1 with 1 nodes.
INFO:Data loaded: there are 357286 images.
INFO:Starting Mugs training !
INFO:Namespace(arch='vit_small', patch_size=16, momentum_teacher=0.996, use_fp16=False, weight_decay=0.04, weight_decay_end=0.2, clip_grad=3.0, batch_size_per_gpu=4, epochs=300, warmup_epochs=10, freeze_last_layer=1, lr=0.0008, patch_embed_lr_mult=0.2, min_lr=1e-06, optimizer='adamw', drop_path_rate=0.1, loss_weights=[1.0, 1.0, 1.0], use_bn_in_head=False, norm_before_pred=True, instance_out_dim=256, instance_queue_size=65536, instance_temp=0.2, local_group_out_dim=256, local_group_knn_top_n=8, local_group_queue_size=65536, local_group_temp=0.2, group_out_dim=65536, group_bottleneck_dim=256, norm_last_layer=True, group_student_temp=0.1, group_warmup_teacher_temp=0.04, group_teacher_temp=0.04, group_warmup_teacher_temp_epochs=0, global_crops_scale=(0.25, 1.0), local_crops_number=10, local_crops_scale=(0.05, 0.25), timm_auto_augment_par='rand-m9-mstd0.5-inc1', color_aug=False, size_crops=[96], strong_ratio=0.45, re_prob=0.25, vanilla_weak_augmentation=False, prob=0.5, data_path='/dataset/imageNet100_sicy/train/', output_dir='./exp/', saveckp_freq=50, seed=0, num_workers=0, dist_url='env://', local_rank=0, rank=0, world_size=1, use_prefetcher=True, debug=False, ddpjob=False, weka=False)
INFO:Added key: store_based_barrier_key:1 to store for rank: 0
INFO:Rank 0: Completed store-based barrier for key:store_based_barrier_key:1 with 1 nodes.
INFO:Data loaded: there are 357286 images.
INFO:Starting Mugs training !
INFO:Namespace(arch='vit_small', patch_size=16, momentum_teacher=0.996, use_fp16=False, weight_decay=0.04, weight_decay_end=0.2, clip_grad=3.0, batch_size_per_gpu=2, epochs=300, warmup_epochs=10, freeze_last_layer=1, lr=0.0008, patch_embed_lr_mult=0.2, min_lr=1e-06, optimizer='adamw', drop_path_rate=0.1, loss_weights=[1.0, 1.0, 1.0], use_bn_in_head=False, norm_before_pred=True, instance_out_dim=256, instance_queue_size=65536, instance_temp=0.2, local_group_out_dim=256, local_group_knn_top_n=8, local_group_queue_size=65536, local_group_temp=0.2, group_out_dim=65536, group_bottleneck_dim=256, norm_last_layer=True, group_student_temp=0.1, group_warmup_teacher_temp=0.04, group_teacher_temp=0.04, group_warmup_teacher_temp_epochs=0, global_crops_scale=(0.25, 1.0), local_crops_number=10, local_crops_scale=(0.05, 0.25), timm_auto_augment_par='rand-m9-mstd0.5-inc1', color_aug=False, size_crops=[96], strong_ratio=0.45, re_prob=0.25, vanilla_weak_augmentation=False, prob=0.5, data_path='/dataset/imageNet100_sicy/train/', output_dir='./exp/', saveckp_freq=50, seed=0, num_workers=0, dist_url='env://', local_rank=0, rank=0, world_size=1, use_prefetcher=True, debug=False, ddpjob=False, weka=False)
INFO:Added key: store_based_barrier_key:1 to store for rank: 0
INFO:Rank 0: Completed store-based barrier for key:store_based_barrier_key:1 with 1 nodes.
INFO:Data loaded: there are 357286 images.
INFO:Starting Mugs training !
INFO:Namespace(arch='vit_small', patch_size=16, momentum_teacher=0.996, use_fp16=False, weight_decay=0.04, weight_decay_end=0.2, clip_grad=3.0, batch_size_per_gpu=2, epochs=300, warmup_epochs=10, freeze_last_layer=1, lr=0.0008, patch_embed_lr_mult=0.2, min_lr=1e-06, optimizer='adamw', drop_path_rate=0.1, loss_weights=[1.0, 1.0, 1.0], use_bn_in_head=False, norm_before_pred=True, instance_out_dim=256, instance_queue_size=65536, instance_temp=0.2, local_group_out_dim=256, local_group_knn_top_n=8, local_group_queue_size=65536, local_group_temp=0.2, group_out_dim=65536, group_bottleneck_dim=256, norm_last_layer=True, group_student_temp=0.1, group_warmup_teacher_temp=0.04, group_teacher_temp=0.04, group_warmup_teacher_temp_epochs=0, global_crops_scale=(0.25, 1.0), local_crops_number=10, local_crops_scale=(0.05, 0.25), timm_auto_augment_par='rand-m9-mstd0.5-inc1', color_aug=False, size_crops=[96], strong_ratio=0.45, re_prob=0.25, vanilla_weak_augmentation=False, prob=0.5, data_path='/dataset/imageNet100_sicy/train/', output_dir='./exp/', saveckp_freq=50, seed=0, num_workers=0, dist_url='env://', local_rank=0, rank=0, world_size=1, use_prefetcher=True, debug=False, ddpjob=False, weka=False)
INFO:Added key: store_based_barrier_key:1 to store for rank: 0
INFO:Rank 0: Completed store-based barrier for key:store_based_barrier_key:1 with 1 nodes.
INFO:Data loaded: there are 357286 images.
INFO:Starting Mugs training !
INFO:Reducer buckets have been rebuilt in this iteration.
INFO:Namespace(arch='vit_small', patch_size=16, momentum_teacher=0.996, use_fp16=False, weight_decay=0.04, weight_decay_end=0.2, clip_grad=3.0, batch_size_per_gpu=2, epochs=300, warmup_epochs=10, freeze_last_layer=1, lr=0.0008, patch_embed_lr_mult=0.2, min_lr=1e-06, optimizer='adamw', drop_path_rate=0.1, loss_weights=[1.0, 1.0, 1.0], use_bn_in_head=False, norm_before_pred=True, instance_out_dim=256, instance_queue_size=65536, instance_temp=0.2, local_group_out_dim=256, local_group_knn_top_n=8, local_group_queue_size=65536, local_group_temp=0.2, group_out_dim=65536, group_bottleneck_dim=256, norm_last_layer=True, group_student_temp=0.1, group_warmup_teacher_temp=0.04, group_teacher_temp=0.04, group_warmup_teacher_temp_epochs=0, global_crops_scale=(0.25, 1.0), local_crops_number=10, local_crops_scale=(0.05, 0.25), timm_auto_augment_par='rand-m9-mstd0.5-inc1', color_aug=False, size_crops=[96], strong_ratio=0.45, re_prob=0.25, vanilla_weak_augmentation=False, prob=0.5, data_path='/dataset/imageNet100_sicy/train/', output_dir='./exp/', saveckp_freq=50, seed=0, num_workers=0, dist_url='env://', local_rank=0, rank=0, world_size=1, use_prefetcher=True, debug=False, ddpjob=False, weka=False)
INFO:Added key: store_based_barrier_key:1 to store for rank: 0
INFO:Rank 0: Completed store-based barrier for key:store_based_barrier_key:1 with 1 nodes.
INFO:Data loaded: there are 357286 images.
INFO:Starting Mugs training !
INFO:Reducer buckets have been rebuilt in this iteration.
INFO:0-epoch (4/178643): total loss 11.061650, instance-sup.: 11.446332,local-group-sup.: 10.912857,group-sup.: 10.825760,, lr 1.3994e-11, wd 4.0000e-02, weak aug. ratio 0.5
INFO:0-epoch (9/178643): total loss 11.100438, instance-sup.: 11.419891,local-group-sup.: 10.959487,group-sup.: 10.921934,, lr 3.1487e-11, wd 4.0000e-02, weak aug. ratio 0.5
INFO:0-epoch (14/178643): total loss 11.134833, instance-sup.: 11.399865,local-group-sup.: 11.036322,group-sup.: 10.968312,, lr 4.8980e-11, wd 4.0000e-02, weak aug. ratio 1.0
INFO:0-epoch (19/178643): total loss 11.155317, instance-sup.: 11.383273,local-group-sup.: 11.059351,group-sup.: 11.023327,, lr 6.6473e-11, wd 4.0000e-02, weak aug. ratio 0.5
INFO:0-epoch (24/178643): total loss 11.165209, instance-sup.: 11.369079,local-group-sup.: 11.067995,group-sup.: 11.058553,, lr 8.3966e-11, wd 4.0000e-02, weak aug. ratio 0.5
INFO:0-epoch (29/178643): total loss 11.180089, instance-sup.: 11.378376,local-group-sup.: 11.078872,group-sup.: 11.083019,, lr 1.0146e-10, wd 4.0000e-02, weak aug. ratio 0.5
INFO:0-epoch (34/178643): total loss 11.189208, instance-sup.: 11.367450,local-group-sup.: 11.093866,group-sup.: 11.106306,, lr 1.1895e-10, wd 4.0000e-02, weak aug. ratio 1.0
INFO:0-epoch (39/178643): total loss 11.194728, instance-sup.: 11.368992,local-group-sup.: 11.093008,group-sup.: 11.122184,, lr 1.3645e-10, wd 4.0000e-02, weak aug. ratio 0.5
INFO:0-epoch (44/178643): total loss 11.201338, instance-sup.: 11.372625,local-group-sup.: 11.091257,group-sup.: 11.140130,, lr 1.5394e-10, wd 4.0000e-02, weak aug. ratio 0.5
INFO:0-epoch (49/178643): total loss 11.204765, instance-sup.: 11.369336,local-group-sup.: 11.096346,group-sup.: 11.148612,, lr 1.7143e-10, wd 4.0000e-02, weak aug. ratio 0.5
INFO:0-epoch (54/178643): total loss 11.208006, instance-sup.: 11.363142,local-group-sup.: 11.101580,group-sup.: 11.159295,, lr 1.8892e-10, wd 4.0000e-02, weak aug. ratio 0.0
INFO:0-epoch (59/178643): total loss 11.211499, instance-sup.: 11.363680,local-group-sup.: 11.102299,group-sup.: 11.168517,, lr 2.0642e-10, wd 4.0000e-02, weak aug. ratio 0.0
INFO:0-epoch (64/178643): total loss 11.211245, instance-sup.: 11.358115,local-group-sup.: 11.104053,group-sup.: 11.171564,, lr 2.2391e-10, wd 4.0000e-02, weak aug. ratio 0.5
INFO:0-epoch (69/178643): total loss 11.212753, instance-sup.: 11.359943,local-group-sup.: 11.097405,group-sup.: 11.180910,, lr 2.4140e-10, wd 4.0000e-02, weak aug. ratio 0.0
INFO:0-epoch (74/178643): total loss 11.211532, instance-sup.: 11.353526,local-group-sup.: 11.101761,group-sup.: 11.179309,, lr 2.5890e-10, wd 4.0000e-02, weak aug. ratio 0.0
INFO:0-epoch (79/178643): total loss 11.210288, instance-sup.: 11.350375,local-group-sup.: 11.103279,group-sup.: 11.177209,, lr 2.7639e-10, wd 4.0000e-02, weak aug. ratio 0.5
INFO:0-epoch (84/178643): total loss 11.210898, instance-sup.: 11.350372,local-group-sup.: 11.100252,group-sup.: 11.182069,, lr 2.9388e-10, wd 4.0000e-02, weak aug. ratio 0.0
INFO:Namespace(arch='vit_small', patch_size=16, momentum_teacher=0.996, use_fp16=False, weight_decay=0.04, weight_decay_end=0.2, clip_grad=3.0, batch_size_per_gpu=2, epochs=300, warmup_epochs=10, freeze_last_layer=1, lr=0.0008, patch_embed_lr_mult=0.2, min_lr=1e-06, optimizer='adamw', drop_path_rate=0.1, loss_weights=[1.0, 1.0, 1.0], use_bn_in_head=False, norm_before_pred=True, instance_out_dim=256, instance_queue_size=65536, instance_temp=0.2, local_group_out_dim=256, local_group_knn_top_n=8, local_group_queue_size=65536, local_group_temp=0.2, group_out_dim=65536, group_bottleneck_dim=256, norm_last_layer=True, group_student_temp=0.1, group_warmup_teacher_temp=0.04, group_teacher_temp=0.04, group_warmup_teacher_temp_epochs=0, global_crops_scale=(0.5, 1.0), local_crops_number=0, local_crops_scale=(0.05, 0.25), timm_auto_augment_par='rand-m9-mstd0.5-inc1', color_aug=False, size_crops=[96], strong_ratio=0.45, re_prob=0.25, vanilla_weak_augmentation=False, prob=0.5, data_path='/dataset/imageNet100_sicy/train/', output_dir='./exp/', saveckp_freq=20, seed=0, num_workers=0, dist_url='env://', local_rank=0, rank=0, world_size=1, use_prefetcher=True, debug=False, ddpjob=False, weka=False)
INFO:Added key: store_based_barrier_key:1 to store for rank: 0
INFO:Rank 0: Completed store-based barrier for key:store_based_barrier_key:1 with 1 nodes.
INFO:Data loaded: there are 357286 images.
INFO:Starting Mugs training !
INFO:Namespace(arch='vit_small', patch_size=16, momentum_teacher=0.996, use_fp16=True, weight_decay=0.04, weight_decay_end=0.2, clip_grad=3.0, batch_size_per_gpu=2, epochs=300, warmup_epochs=10, freeze_last_layer=1, lr=0.0008, patch_embed_lr_mult=0.2, min_lr=1e-06, optimizer='adamw', drop_path_rate=0.1, loss_weights=[1.0, 1.0, 1.0], use_bn_in_head=False, norm_before_pred=True, instance_out_dim=256, instance_queue_size=65536, instance_temp=0.2, local_group_out_dim=256, local_group_knn_top_n=8, local_group_queue_size=65536, local_group_temp=0.2, group_out_dim=65536, group_bottleneck_dim=256, norm_last_layer=True, group_student_temp=0.1, group_warmup_teacher_temp=0.04, group_teacher_temp=0.04, group_warmup_teacher_temp_epochs=0, global_crops_scale=(0.5, 1.0), local_crops_number=0, local_crops_scale=(0.05, 0.25), timm_auto_augment_par='rand-m9-mstd0.5-inc1', color_aug=False, size_crops=[96], strong_ratio=0.45, re_prob=0.25, vanilla_weak_augmentation=False, prob=0.5, data_path='/dataset/imageNet100_sicy/train/', output_dir='./exp/', saveckp_freq=20, seed=0, num_workers=0, dist_url='env://', local_rank=0, rank=0, world_size=1, use_prefetcher=True, debug=False, ddpjob=False, weka=False)
INFO:Added key: store_based_barrier_key:1 to store for rank: 0
INFO:Rank 0: Completed store-based barrier for key:store_based_barrier_key:1 with 1 nodes.
INFO:Data loaded: there are 357286 images.
INFO:Starting Mugs training !
INFO:Namespace(arch='vit_small', patch_size=16, momentum_teacher=0.996, use_fp16=True, weight_decay=0.04, weight_decay_end=0.2, clip_grad=3.0, batch_size_per_gpu=2, epochs=300, warmup_epochs=10, freeze_last_layer=1, lr=0.0008, patch_embed_lr_mult=0.2, min_lr=1e-06, optimizer='adamw', drop_path_rate=0.1, loss_weights=[1.0, 1.0, 1.0], use_bn_in_head=False, norm_before_pred=True, instance_out_dim=256, instance_queue_size=65536, instance_temp=0.2, local_group_out_dim=256, local_group_knn_top_n=8, local_group_queue_size=65536, local_group_temp=0.2, group_out_dim=65536, group_bottleneck_dim=256, norm_last_layer=True, group_student_temp=0.1, group_warmup_teacher_temp=0.04, group_teacher_temp=0.04, group_warmup_teacher_temp_epochs=0, global_crops_scale=(0.5, 1.0), local_crops_number=0, local_crops_scale=(0.05, 0.25), timm_auto_augment_par='rand-m9-mstd0.5-inc1', color_aug=False, size_crops=[96], strong_ratio=0.45, re_prob=0.25, vanilla_weak_augmentation=False, prob=0.5, data_path='/dataset/imageNet100_sicy/train/', output_dir='./exp/', saveckp_freq=20, seed=0, num_workers=0, dist_url='env://', local_rank=0, rank=0, world_size=1, use_prefetcher=True, debug=False, ddpjob=False, weka=False)
INFO:Added key: store_based_barrier_key:1 to store for rank: 0
INFO:Rank 0: Completed store-based barrier for key:store_based_barrier_key:1 with 1 nodes.
INFO:Data loaded: there are 357286 images.
INFO:Starting Mugs training !
INFO:Namespace(arch='vit_small', patch_size=16, momentum_teacher=0.996, use_fp16=True, weight_decay=0.04, weight_decay_end=0.2, clip_grad=3.0, batch_size_per_gpu=2, epochs=300, warmup_epochs=10, freeze_last_layer=1, lr=0.0008, patch_embed_lr_mult=0.2, min_lr=1e-06, optimizer='adamw', drop_path_rate=0.1, loss_weights=[1.0, 1.0, 1.0], use_bn_in_head=False, norm_before_pred=True, instance_out_dim=256, instance_queue_size=65536, instance_temp=0.2, local_group_out_dim=256, local_group_knn_top_n=8, local_group_queue_size=65536, local_group_temp=0.2, group_out_dim=65536, group_bottleneck_dim=256, norm_last_layer=True, group_student_temp=0.1, group_warmup_teacher_temp=0.04, group_teacher_temp=0.04, group_warmup_teacher_temp_epochs=0, global_crops_scale=(0.5, 1.0), local_crops_number=0, local_crops_scale=(0.05, 0.25), timm_auto_augment_par='rand-m9-mstd0.5-inc1', color_aug=False, size_crops=[96], strong_ratio=0.45, re_prob=0.25, vanilla_weak_augmentation=False, prob=0.5, data_path='/dataset/imageNet100_sicy/train/', output_dir='./exp/', saveckp_freq=20, seed=0, num_workers=0, dist_url='env://', local_rank=0, rank=0, world_size=1, use_prefetcher=True, debug=False, ddpjob=False, weka=False)
INFO:Added key: store_based_barrier_key:1 to store for rank: 0
INFO:Rank 0: Completed store-based barrier for key:store_based_barrier_key:1 with 1 nodes.
INFO:Data loaded: there are 357286 images.
INFO:Starting Mugs training !
INFO:Namespace(arch='vit_small', patch_size=16, momentum_teacher=0.996, use_fp16=True, weight_decay=0.04, weight_decay_end=0.2, clip_grad=3.0, batch_size_per_gpu=8, epochs=300, warmup_epochs=10, freeze_last_layer=1, lr=0.0008, patch_embed_lr_mult=0.2, min_lr=1e-06, optimizer='adamw', drop_path_rate=0.1, loss_weights=[1.0, 1.0, 1.0], use_bn_in_head=False, norm_before_pred=True, instance_out_dim=256, instance_queue_size=65536, instance_temp=0.2, local_group_out_dim=256, local_group_knn_top_n=8, local_group_queue_size=65536, local_group_temp=0.2, group_out_dim=65536, group_bottleneck_dim=256, norm_last_layer=True, group_student_temp=0.1, group_warmup_teacher_temp=0.04, group_teacher_temp=0.04, group_warmup_teacher_temp_epochs=0, global_crops_scale=(0.5, 1.0), local_crops_number=0, local_crops_scale=(0.05, 0.25), timm_auto_augment_par='rand-m9-mstd0.5-inc1', color_aug=False, size_crops=[96], strong_ratio=0.45, re_prob=0.25, vanilla_weak_augmentation=False, prob=0.5, data_path='/dataset/imageNet100_sicy/train/', output_dir='./exp/', saveckp_freq=20, seed=0, num_workers=0, dist_url='env://', local_rank=0, rank=0, world_size=1, use_prefetcher=True, debug=False, ddpjob=False, weka=False)
INFO:Added key: store_based_barrier_key:1 to store for rank: 0
INFO:Rank 0: Completed store-based barrier for key:store_based_barrier_key:1 with 1 nodes.
INFO:Data loaded: there are 357286 images.
INFO:Starting Mugs training !
INFO:Namespace(arch='vit_small', patch_size=16, momentum_teacher=0.996, use_fp16=True, weight_decay=0.04, weight_decay_end=0.2, clip_grad=3.0, batch_size_per_gpu=8, epochs=300, warmup_epochs=10, freeze_last_layer=1, lr=0.0008, patch_embed_lr_mult=0.2, min_lr=1e-06, optimizer='adamw', drop_path_rate=0.1, loss_weights=[1.0, 1.0, 1.0], use_bn_in_head=False, norm_before_pred=True, instance_out_dim=256, instance_queue_size=65536, instance_temp=0.2, local_group_out_dim=256, local_group_knn_top_n=8, local_group_queue_size=65536, local_group_temp=0.2, group_out_dim=65536, group_bottleneck_dim=256, norm_last_layer=True, group_student_temp=0.1, group_warmup_teacher_temp=0.04, group_teacher_temp=0.04, group_warmup_teacher_temp_epochs=0, global_crops_scale=(0.5, 1.0), local_crops_number=0, local_crops_scale=(0.05, 0.25), timm_auto_augment_par='rand-m9-mstd0.5-inc1', color_aug=False, size_crops=[96], strong_ratio=0.45, re_prob=0.25, vanilla_weak_augmentation=False, prob=0.5, data_path='/dataset/imageNet100_sicy/train/', output_dir='./exp/', saveckp_freq=20, seed=0, num_workers=0, dist_url='env://', local_rank=0, rank=0, world_size=1, use_prefetcher=True, debug=False, ddpjob=False, weka=False)
INFO:Added key: store_based_barrier_key:1 to store for rank: 0
INFO:Rank 0: Completed store-based barrier for key:store_based_barrier_key:1 with 1 nodes.
INFO:Data loaded: there are 357286 images.
INFO:Starting Mugs training !
INFO:Reducer buckets have been rebuilt in this iteration.
INFO:0-epoch (99/44660): total loss 11.220771, instance-sup.: 11.393301,local-group-sup.: 11.075786,group-sup.: 11.193225,, lr 5.5419e-09, wd 4.0000e-02, weak aug. ratio 0.4
